[0.018s] Invoking command in '/home/rs/ws/prac_moveit_ws/build/moveit_practice': CMAKE_PREFIX_PATH=/opt/ros/humble /usr/bin/cmake --build /home/rs/ws/prac_moveit_ws/build/moveit_practice -- -j20 -l20
[0.041s] Invoked command in '/home/rs/ws/prac_moveit_ws/build/moveit_practice' returned '0': CMAKE_PREFIX_PATH=/opt/ros/humble /usr/bin/cmake --build /home/rs/ws/prac_moveit_ws/build/moveit_practice -- -j20 -l20
[0.044s] Invoking command in '/home/rs/ws/prac_moveit_ws/build/moveit_practice': CMAKE_PREFIX_PATH=/opt/ros/humble /usr/bin/cmake --install /home/rs/ws/prac_moveit_ws/build/moveit_practice
[0.048s] -- Install configuration: ""
[0.048s] -- Installing: /home/rs/ws/prac_moveit_ws/install/moveit_practice/share/ament_index/resource_index/package_run_dependencies/moveit_practice
[0.048s] -- Installing: /home/rs/ws/prac_moveit_ws/install/moveit_practice/share/ament_index/resource_index/parent_prefix_path/moveit_practice
[0.048s] -- Installing: /home/rs/ws/prac_moveit_ws/install/moveit_practice/share/moveit_practice/environment/ament_prefix_path.sh
[0.048s] -- Installing: /home/rs/ws/prac_moveit_ws/install/moveit_practice/share/moveit_practice/environment/ament_prefix_path.dsv
[0.048s] -- Installing: /home/rs/ws/prac_moveit_ws/install/moveit_practice/share/moveit_practice/environment/path.sh
[0.048s] -- Installing: /home/rs/ws/prac_moveit_ws/install/moveit_practice/share/moveit_practice/environment/path.dsv
[0.048s] -- Installing: /home/rs/ws/prac_moveit_ws/install/moveit_practice/share/moveit_practice/local_setup.bash
[0.048s] -- Installing: /home/rs/ws/prac_moveit_ws/install/moveit_practice/share/moveit_practice/local_setup.sh
[0.048s] -- Installing: /home/rs/ws/prac_moveit_ws/install/moveit_practice/share/moveit_practice/local_setup.zsh
[0.048s] -- Installing: /home/rs/ws/prac_moveit_ws/install/moveit_practice/share/moveit_practice/local_setup.dsv
[0.048s] -- Installing: /home/rs/ws/prac_moveit_ws/install/moveit_practice/share/moveit_practice/package.dsv
[0.048s] -- Installing: /home/rs/ws/prac_moveit_ws/install/moveit_practice/share/ament_index/resource_index/packages/moveit_practice
[0.048s] -- Installing: /home/rs/ws/prac_moveit_ws/install/moveit_practice/share/moveit_practice/cmake/moveit_practiceConfig.cmake
[0.048s] -- Installing: /home/rs/ws/prac_moveit_ws/install/moveit_practice/share/moveit_practice/cmake/moveit_practiceConfig-version.cmake
[0.048s] -- Installing: /home/rs/ws/prac_moveit_ws/install/moveit_practice/share/moveit_practice/package.xml
[0.052s] Invoked command in '/home/rs/ws/prac_moveit_ws/build/moveit_practice' returned '0': CMAKE_PREFIX_PATH=/opt/ros/humble /usr/bin/cmake --install /home/rs/ws/prac_moveit_ws/build/moveit_practice
