[0.006s] Invoking command in '/home/rs/ws/prac_moveit_ws/build/open_manipulator_x_description': CMAKE_PREFIX_PATH=/home/rs/ws/prac_moveit_ws/install/dynamixel_hardware:/home/rs/ws/prac_moveit_ws/install/dynamixel_workbench_toolbox:/home/rs/ws/prac_moveit_ws/install/pantilt_bot_description:/home/rs/ws/prac_moveit_ws/install/open_manipulator_x_description:/home/rs/ws/prac_moveit_ws/install/moveit_practice:/home/rs/ws/prac_moveit_ws/install/dynamixel_workbench:/home/rs/ws/prac_moveit_ws/install/dynamixel_workbench_msgs:/opt/ros/humble /usr/bin/cmake --build /home/rs/ws/prac_moveit_ws/build/open_manipulator_x_description -- -j20 -l20
[0.032s] Invoked command in '/home/rs/ws/prac_moveit_ws/build/open_manipulator_x_description' returned '0': CMAKE_PREFIX_PATH=/home/rs/ws/prac_moveit_ws/install/dynamixel_hardware:/home/rs/ws/prac_moveit_ws/install/dynamixel_workbench_toolbox:/home/rs/ws/prac_moveit_ws/install/pantilt_bot_description:/home/rs/ws/prac_moveit_ws/install/open_manipulator_x_description:/home/rs/ws/prac_moveit_ws/install/moveit_practice:/home/rs/ws/prac_moveit_ws/install/dynamixel_workbench:/home/rs/ws/prac_moveit_ws/install/dynamixel_workbench_msgs:/opt/ros/humble /usr/bin/cmake --build /home/rs/ws/prac_moveit_ws/build/open_manipulator_x_description -- -j20 -l20
[0.032s] Invoking command in '/home/rs/ws/prac_moveit_ws/build/open_manipulator_x_description': CMAKE_PREFIX_PATH=/home/rs/ws/prac_moveit_ws/install/dynamixel_hardware:/home/rs/ws/prac_moveit_ws/install/dynamixel_workbench_toolbox:/home/rs/ws/prac_moveit_ws/install/pantilt_bot_description:/home/rs/ws/prac_moveit_ws/install/open_manipulator_x_description:/home/rs/ws/prac_moveit_ws/install/moveit_practice:/home/rs/ws/prac_moveit_ws/install/dynamixel_workbench:/home/rs/ws/prac_moveit_ws/install/dynamixel_workbench_msgs:/opt/ros/humble /usr/bin/cmake --install /home/rs/ws/prac_moveit_ws/build/open_manipulator_x_description
[0.037s] -- Install configuration: ""
[0.037s] -- Up-to-date: /home/rs/ws/prac_moveit_ws/install/open_manipulator_x_description/share/open_manipulator_x_description/meshes
[0.037s] -- Up-to-date: /home/rs/ws/prac_moveit_ws/install/open_manipulator_x_description/share/open_manipulator_x_description/meshes/chain_link2.stl
[0.037s] -- Up-to-date: /home/rs/ws/prac_moveit_ws/install/open_manipulator_x_description/share/open_manipulator_x_description/meshes/chain_link4.stl
[0.037s] -- Up-to-date: /home/rs/ws/prac_moveit_ws/install/open_manipulator_x_description/share/open_manipulator_x_description/meshes/chain_link5.stl
[0.037s] -- Up-to-date: /home/rs/ws/prac_moveit_ws/install/open_manipulator_x_description/share/open_manipulator_x_description/meshes/chain_link_grip_l.stl
[0.037s] -- Up-to-date: /home/rs/ws/prac_moveit_ws/install/open_manipulator_x_description/share/open_manipulator_x_description/meshes/chain_link3.stl
[0.037s] -- Up-to-date: /home/rs/ws/prac_moveit_ws/install/open_manipulator_x_description/share/open_manipulator_x_description/meshes/chain_link_grip_r.stl
[0.037s] -- Up-to-date: /home/rs/ws/prac_moveit_ws/install/open_manipulator_x_description/share/open_manipulator_x_description/meshes/chain_link1.stl
[0.037s] -- Up-to-date: /home/rs/ws/prac_moveit_ws/install/open_manipulator_x_description/share/open_manipulator_x_description/urdf
[0.037s] -- Up-to-date: /home/rs/ws/prac_moveit_ws/install/open_manipulator_x_description/share/open_manipulator_x_description/urdf/open_manipulator_x.ros2_control_gazebo.xacro
[0.037s] -- Up-to-date: /home/rs/ws/prac_moveit_ws/install/open_manipulator_x_description/share/open_manipulator_x_description/urdf/open_manipulator_x.ros2_control.xacro
[0.037s] -- Up-to-date: /home/rs/ws/prac_moveit_ws/install/open_manipulator_x_description/share/open_manipulator_x_description/urdf/open_manipulator_x_gazebo.urdf.xacro
[0.037s] -- Up-to-date: /home/rs/ws/prac_moveit_ws/install/open_manipulator_x_description/share/open_manipulator_x_description/urdf/open_manipulator_x.xacro
[0.037s] -- Up-to-date: /home/rs/ws/prac_moveit_ws/install/open_manipulator_x_description/share/open_manipulator_x_description/urdf/open_manipulator_x.material.xacro
[0.037s] -- Up-to-date: /home/rs/ws/prac_moveit_ws/install/open_manipulator_x_description/share/open_manipulator_x_description/urdf/open_manipulator_x.urdf.xacro
[0.037s] -- Up-to-date: /home/rs/ws/prac_moveit_ws/install/open_manipulator_x_description/share/open_manipulator_x_description/controllers
[0.037s] -- Up-to-date: /home/rs/ws/prac_moveit_ws/install/open_manipulator_x_description/share/open_manipulator_x_description/controllers/controllers.yaml
[0.037s] -- Up-to-date: /home/rs/ws/prac_moveit_ws/install/open_manipulator_x_description/share/open_manipulator_x_description/launch
[0.037s] -- Up-to-date: /home/rs/ws/prac_moveit_ws/install/open_manipulator_x_description/share/open_manipulator_x_description/launch/display.launch.py
[0.037s] -- Up-to-date: /home/rs/ws/prac_moveit_ws/install/open_manipulator_x_description/share/open_manipulator_x_description/launch/open_manipulator_x.launch.py
[0.037s] -- Up-to-date: /home/rs/ws/prac_moveit_ws/install/open_manipulator_x_description/share/open_manipulator_x_description/launch/open_manipulator_x.rviz
[0.037s] -- Up-to-date: /home/rs/ws/prac_moveit_ws/install/open_manipulator_x_description/share/open_manipulator_x_description/launch/open_manipulator_x_gazebo.launch.py
[0.037s] -- Up-to-date: /home/rs/ws/prac_moveit_ws/install/open_manipulator_x_description/share/ament_index/resource_index/package_run_dependencies/open_manipulator_x_description
[0.037s] -- Up-to-date: /home/rs/ws/prac_moveit_ws/install/open_manipulator_x_description/share/ament_index/resource_index/parent_prefix_path/open_manipulator_x_description
[0.037s] -- Up-to-date: /home/rs/ws/prac_moveit_ws/install/open_manipulator_x_description/share/open_manipulator_x_description/environment/ament_prefix_path.sh
[0.037s] -- Up-to-date: /home/rs/ws/prac_moveit_ws/install/open_manipulator_x_description/share/open_manipulator_x_description/environment/ament_prefix_path.dsv
[0.037s] -- Up-to-date: /home/rs/ws/prac_moveit_ws/install/open_manipulator_x_description/share/open_manipulator_x_description/environment/path.sh
[0.038s] -- Up-to-date: /home/rs/ws/prac_moveit_ws/install/open_manipulator_x_description/share/open_manipulator_x_description/environment/path.dsv
[0.038s] -- Up-to-date: /home/rs/ws/prac_moveit_ws/install/open_manipulator_x_description/share/open_manipulator_x_description/local_setup.bash
[0.038s] -- Up-to-date: /home/rs/ws/prac_moveit_ws/install/open_manipulator_x_description/share/open_manipulator_x_description/local_setup.sh
[0.038s] -- Up-to-date: /home/rs/ws/prac_moveit_ws/install/open_manipulator_x_description/share/open_manipulator_x_description/local_setup.zsh
[0.038s] -- Up-to-date: /home/rs/ws/prac_moveit_ws/install/open_manipulator_x_description/share/open_manipulator_x_description/local_setup.dsv
[0.038s] -- Installing: /home/rs/ws/prac_moveit_ws/install/open_manipulator_x_description/share/open_manipulator_x_description/package.dsv
[0.038s] -- Up-to-date: /home/rs/ws/prac_moveit_ws/install/open_manipulator_x_description/share/ament_index/resource_index/packages/open_manipulator_x_description
[0.038s] -- Up-to-date: /home/rs/ws/prac_moveit_ws/install/open_manipulator_x_description/share/open_manipulator_x_description/cmake/open_manipulator_x_descriptionConfig.cmake
[0.038s] -- Up-to-date: /home/rs/ws/prac_moveit_ws/install/open_manipulator_x_description/share/open_manipulator_x_description/cmake/open_manipulator_x_descriptionConfig-version.cmake
[0.038s] -- Up-to-date: /home/rs/ws/prac_moveit_ws/install/open_manipulator_x_description/share/open_manipulator_x_description/package.xml
[0.045s] Invoked command in '/home/rs/ws/prac_moveit_ws/build/open_manipulator_x_description' returned '0': CMAKE_PREFIX_PATH=/home/rs/ws/prac_moveit_ws/install/dynamixel_hardware:/home/rs/ws/prac_moveit_ws/install/dynamixel_workbench_toolbox:/home/rs/ws/prac_moveit_ws/install/pantilt_bot_description:/home/rs/ws/prac_moveit_ws/install/open_manipulator_x_description:/home/rs/ws/prac_moveit_ws/install/moveit_practice:/home/rs/ws/prac_moveit_ws/install/dynamixel_workbench:/home/rs/ws/prac_moveit_ws/install/dynamixel_workbench_msgs:/opt/ros/humble /usr/bin/cmake --install /home/rs/ws/prac_moveit_ws/build/open_manipulator_x_description
