[0.003s] Invoking command in '/home/rs/ws/prac_moveit_ws/build/dynamixel_hardware': CMAKE_PREFIX_PATH=/home/rs/ws/prac_moveit_ws/install/dynamixel_workbench_toolbox:/home/rs/ws/prac_moveit_ws/install/pantilt_bot_description:/home/rs/ws/prac_moveit_ws/install/open_manipulator_x_description:/home/rs/ws/prac_moveit_ws/install/moveit_practice:/home/rs/ws/prac_moveit_ws/install/dynamixel_workbench:/home/rs/ws/prac_moveit_ws/install/dynamixel_hardware:/home/rs/ws/prac_moveit_ws/install/dynamixel_workbench_msgs:/opt/ros/humble LD_LIBRARY_PATH=/home/rs/ws/prac_moveit_ws/install/dynamixel_workbench_toolbox/lib:/home/rs/ws/prac_moveit_ws/install/dynamixel_hardware/lib:/home/rs/ws/prac_moveit_ws/install/dynamixel_workbench_msgs/lib:/opt/ros/humble/opt/rviz_ogre_vendor/lib:/opt/ros/humble/lib/x86_64-linux-gnu:/opt/ros/humble/lib /usr/bin/cmake --build /home/rs/ws/prac_moveit_ws/build/dynamixel_hardware -- -j20 -l20
[0.034s] [100%] Built target dynamixel_hardware
[0.042s] Invoked command in '/home/rs/ws/prac_moveit_ws/build/dynamixel_hardware' returned '0': CMAKE_PREFIX_PATH=/home/rs/ws/prac_moveit_ws/install/dynamixel_workbench_toolbox:/home/rs/ws/prac_moveit_ws/install/pantilt_bot_description:/home/rs/ws/prac_moveit_ws/install/open_manipulator_x_description:/home/rs/ws/prac_moveit_ws/install/moveit_practice:/home/rs/ws/prac_moveit_ws/install/dynamixel_workbench:/home/rs/ws/prac_moveit_ws/install/dynamixel_hardware:/home/rs/ws/prac_moveit_ws/install/dynamixel_workbench_msgs:/opt/ros/humble LD_LIBRARY_PATH=/home/rs/ws/prac_moveit_ws/install/dynamixel_workbench_toolbox/lib:/home/rs/ws/prac_moveit_ws/install/dynamixel_hardware/lib:/home/rs/ws/prac_moveit_ws/install/dynamixel_workbench_msgs/lib:/opt/ros/humble/opt/rviz_ogre_vendor/lib:/opt/ros/humble/lib/x86_64-linux-gnu:/opt/ros/humble/lib /usr/bin/cmake --build /home/rs/ws/prac_moveit_ws/build/dynamixel_hardware -- -j20 -l20
[0.042s] Invoking command in '/home/rs/ws/prac_moveit_ws/build/dynamixel_hardware': CMAKE_PREFIX_PATH=/home/rs/ws/prac_moveit_ws/install/dynamixel_workbench_toolbox:/home/rs/ws/prac_moveit_ws/install/pantilt_bot_description:/home/rs/ws/prac_moveit_ws/install/open_manipulator_x_description:/home/rs/ws/prac_moveit_ws/install/moveit_practice:/home/rs/ws/prac_moveit_ws/install/dynamixel_workbench:/home/rs/ws/prac_moveit_ws/install/dynamixel_hardware:/home/rs/ws/prac_moveit_ws/install/dynamixel_workbench_msgs:/opt/ros/humble LD_LIBRARY_PATH=/home/rs/ws/prac_moveit_ws/install/dynamixel_workbench_toolbox/lib:/home/rs/ws/prac_moveit_ws/install/dynamixel_hardware/lib:/home/rs/ws/prac_moveit_ws/install/dynamixel_workbench_msgs/lib:/opt/ros/humble/opt/rviz_ogre_vendor/lib:/opt/ros/humble/lib/x86_64-linux-gnu:/opt/ros/humble/lib /usr/bin/cmake --install /home/rs/ws/prac_moveit_ws/build/dynamixel_hardware
[0.042s] -- Install configuration: ""
[0.043s] -- Up-to-date: /home/rs/ws/prac_moveit_ws/install/dynamixel_hardware/share/dynamixel_hardware/dynamixel_hardware.xml
[0.043s] -- Up-to-date: /home/rs/ws/prac_moveit_ws/install/dynamixel_hardware/lib/libdynamixel_hardware.so
[0.043s] -- Up-to-date: /home/rs/ws/prac_moveit_ws/install/dynamixel_hardware/include
[0.043s] -- Up-to-date: /home/rs/ws/prac_moveit_ws/install/dynamixel_hardware/include/dynamixel_hardware
[0.043s] -- Up-to-date: /home/rs/ws/prac_moveit_ws/install/dynamixel_hardware/include/dynamixel_hardware/visiblity_control.h
[0.043s] -- Up-to-date: /home/rs/ws/prac_moveit_ws/install/dynamixel_hardware/include/dynamixel_hardware/dynamixel_hardware.hpp
[0.043s] -- Up-to-date: /home/rs/ws/prac_moveit_ws/install/dynamixel_hardware/share/dynamixel_hardware/environment/library_path.sh
[0.043s] -- Up-to-date: /home/rs/ws/prac_moveit_ws/install/dynamixel_hardware/share/dynamixel_hardware/environment/library_path.dsv
[0.043s] -- Up-to-date: /home/rs/ws/prac_moveit_ws/install/dynamixel_hardware/share/ament_index/resource_index/package_run_dependencies/dynamixel_hardware
[0.043s] -- Up-to-date: /home/rs/ws/prac_moveit_ws/install/dynamixel_hardware/share/ament_index/resource_index/parent_prefix_path/dynamixel_hardware
[0.043s] -- Up-to-date: /home/rs/ws/prac_moveit_ws/install/dynamixel_hardware/share/dynamixel_hardware/environment/ament_prefix_path.sh
[0.043s] -- Up-to-date: /home/rs/ws/prac_moveit_ws/install/dynamixel_hardware/share/dynamixel_hardware/environment/ament_prefix_path.dsv
[0.043s] -- Up-to-date: /home/rs/ws/prac_moveit_ws/install/dynamixel_hardware/share/dynamixel_hardware/environment/path.sh
[0.043s] -- Up-to-date: /home/rs/ws/prac_moveit_ws/install/dynamixel_hardware/share/dynamixel_hardware/environment/path.dsv
[0.043s] -- Up-to-date: /home/rs/ws/prac_moveit_ws/install/dynamixel_hardware/share/dynamixel_hardware/local_setup.bash
[0.043s] -- Up-to-date: /home/rs/ws/prac_moveit_ws/install/dynamixel_hardware/share/dynamixel_hardware/local_setup.sh
[0.043s] -- Up-to-date: /home/rs/ws/prac_moveit_ws/install/dynamixel_hardware/share/dynamixel_hardware/local_setup.zsh
[0.043s] -- Up-to-date: /home/rs/ws/prac_moveit_ws/install/dynamixel_hardware/share/dynamixel_hardware/local_setup.dsv
[0.044s] -- Installing: /home/rs/ws/prac_moveit_ws/install/dynamixel_hardware/share/dynamixel_hardware/package.dsv
[0.044s] -- Up-to-date: /home/rs/ws/prac_moveit_ws/install/dynamixel_hardware/share/ament_index/resource_index/packages/dynamixel_hardware
[0.044s] -- Up-to-date: /home/rs/ws/prac_moveit_ws/install/dynamixel_hardware/share/ament_index/resource_index/hardware_interface__pluginlib__plugin/dynamixel_hardware
[0.044s] -- Up-to-date: /home/rs/ws/prac_moveit_ws/install/dynamixel_hardware/share/dynamixel_hardware/cmake/ament_cmake_export_include_directories-extras.cmake
[0.044s] -- Up-to-date: /home/rs/ws/prac_moveit_ws/install/dynamixel_hardware/share/dynamixel_hardware/cmake/ament_cmake_export_libraries-extras.cmake
[0.044s] -- Up-to-date: /home/rs/ws/prac_moveit_ws/install/dynamixel_hardware/share/dynamixel_hardware/cmake/ament_cmake_export_dependencies-extras.cmake
[0.044s] -- Up-to-date: /home/rs/ws/prac_moveit_ws/install/dynamixel_hardware/share/dynamixel_hardware/cmake/dynamixel_hardwareConfig.cmake
[0.044s] -- Up-to-date: /home/rs/ws/prac_moveit_ws/install/dynamixel_hardware/share/dynamixel_hardware/cmake/dynamixel_hardwareConfig-version.cmake
[0.044s] -- Up-to-date: /home/rs/ws/prac_moveit_ws/install/dynamixel_hardware/share/dynamixel_hardware/package.xml
[0.045s] Invoked command in '/home/rs/ws/prac_moveit_ws/build/dynamixel_hardware' returned '0': CMAKE_PREFIX_PATH=/home/rs/ws/prac_moveit_ws/install/dynamixel_workbench_toolbox:/home/rs/ws/prac_moveit_ws/install/pantilt_bot_description:/home/rs/ws/prac_moveit_ws/install/open_manipulator_x_description:/home/rs/ws/prac_moveit_ws/install/moveit_practice:/home/rs/ws/prac_moveit_ws/install/dynamixel_workbench:/home/rs/ws/prac_moveit_ws/install/dynamixel_hardware:/home/rs/ws/prac_moveit_ws/install/dynamixel_workbench_msgs:/opt/ros/humble LD_LIBRARY_PATH=/home/rs/ws/prac_moveit_ws/install/dynamixel_workbench_toolbox/lib:/home/rs/ws/prac_moveit_ws/install/dynamixel_hardware/lib:/home/rs/ws/prac_moveit_ws/install/dynamixel_workbench_msgs/lib:/opt/ros/humble/opt/rviz_ogre_vendor/lib:/opt/ros/humble/lib/x86_64-linux-gnu:/opt/ros/humble/lib /usr/bin/cmake --install /home/rs/ws/prac_moveit_ws/build/dynamixel_hardware
