[0.005s] Invoking command in '/home/rs/ws/prac_moveit_ws/build/dynamixel_hardware': AMENT_PREFIX_PATH=/home/rs/ws/prac_moveit_ws/install/dynamixel_workbench_toolbox:${AMENT_PREFIX_PATH} CMAKE_PREFIX_PATH=/home/rs/ws/prac_moveit_ws/install/dynamixel_workbench_toolbox:/opt/ros/humble LD_LIBRARY_PATH=/home/rs/ws/prac_moveit_ws/install/dynamixel_workbench_toolbox/lib:${LD_LIBRARY_PATH} /usr/bin/cmake /home/rs/ws/prac_moveit_ws/src/dynamixel_hardware/dynamixel_hardware -DCMAKE_INSTALL_PREFIX=/home/rs/ws/prac_moveit_ws/install/dynamixel_hardware
[0.030s] -- The C compiler identification is GNU 11.4.0
[0.058s] -- The CXX compiler identification is GNU 11.4.0
[0.063s] -- Detecting C compiler ABI info
[0.105s] -- Detecting C compiler ABI info - done
[0.105s] -- Check for working C compiler: /usr/bin/cc - skipped
[0.105s] -- Detecting C compile features
[0.106s] -- Detecting C compile features - done
[0.111s] -- Detecting CXX compiler ABI info
[0.155s] -- Detecting CXX compiler ABI info - done
[0.157s] -- Check for working CXX compiler: /usr/bin/c++ - skipped
[0.157s] -- Detecting CXX compile features
[0.157s] -- Detecting CXX compile features - done
[0.159s] -- Found ament_cmake: 1.3.12 (/opt/ros/humble/share/ament_cmake/cmake)
[0.230s] -- Found Python3: /usr/bin/python3 (found version "3.10.12") found components: Interpreter 
[0.305s] -- Found rclcpp: 16.0.17 (/opt/ros/humble/share/rclcpp/cmake)
[0.328s] -- Found rosidl_generator_c: 3.1.8 (/opt/ros/humble/share/rosidl_generator_c/cmake)
[0.331s] -- Found rosidl_adapter: 3.1.8 (/opt/ros/humble/share/rosidl_adapter/cmake)
[0.337s] -- Found rosidl_generator_cpp: 3.1.8 (/opt/ros/humble/share/rosidl_generator_cpp/cmake)
[0.341s] -- Using all available rosidl_typesupport_c: rosidl_typesupport_fastrtps_c;rosidl_typesupport_introspection_c
[0.349s] -- Using all available rosidl_typesupport_cpp: rosidl_typesupport_fastrtps_cpp;rosidl_typesupport_introspection_cpp
[0.371s] -- Found rmw_implementation_cmake: 6.1.2 (/opt/ros/humble/share/rmw_implementation_cmake/cmake)
[0.372s] -- Found rmw_fastrtps_cpp: 6.2.9 (/opt/ros/humble/share/rmw_fastrtps_cpp/cmake)
[0.412s] -- Found OpenSSL: /usr/lib/x86_64-linux-gnu/libcrypto.so (found version "3.0.2")  
[0.426s] -- Found FastRTPS: /opt/ros/humble/include  
[0.448s] -- Using RMW implementation 'rmw_fastrtps_cpp' as default
[0.452s] -- Looking for pthread.h
[0.492s] -- Looking for pthread.h - found
[0.492s] -- Performing Test CMAKE_HAVE_LIBC_PTHREAD
[0.530s] -- Performing Test CMAKE_HAVE_LIBC_PTHREAD - Success
[0.530s] -- Found Threads: TRUE  
[0.556s] -- Found rclcpp_lifecycle: 16.0.17 (/opt/ros/humble/share/rclcpp_lifecycle/cmake)
[0.566s] -- Found hardware_interface: 2.53.0 (/opt/ros/humble/share/hardware_interface/cmake)
[0.626s] -- Found dynamixel_workbench_toolbox: 2.2.3 (/home/rs/ws/prac_moveit_ws/install/dynamixel_workbench_toolbox/share/dynamixel_workbench_toolbox/cmake)
[0.630s] -- Found ament_lint_auto: 0.12.14 (/opt/ros/humble/share/ament_lint_auto/cmake)
[0.670s] -- Added test 'copyright' to check source files copyright and LICENSE
[0.670s] -- Added test 'cppcheck' to perform static code analysis on C / C++ code
[0.670s] -- Configured cppcheck include dirs: /home/rs/ws/prac_moveit_ws/src/dynamixel_hardware/dynamixel_hardware/include
[0.670s] -- Configured cppcheck exclude dirs and/or files: 
[0.670s] -- Added test 'cpplint' to check C / C++ code against the Google style
[0.671s] -- Configured cpplint exclude dirs and/or files: 
[0.671s] -- Added test 'lint_cmake' to check CMake code style
[0.671s] -- Added test 'uncrustify' to check C / C++ code style
[0.671s] -- Configured uncrustify additional arguments: 
[0.671s] -- Added test 'xmllint' to check XML markup files
[0.672s] -- Configuring done
[0.679s] -- Generating done
[0.680s] -- Build files have been written to: /home/rs/ws/prac_moveit_ws/build/dynamixel_hardware
[0.685s] Invoked command in '/home/rs/ws/prac_moveit_ws/build/dynamixel_hardware' returned '0': AMENT_PREFIX_PATH=/home/rs/ws/prac_moveit_ws/install/dynamixel_workbench_toolbox:${AMENT_PREFIX_PATH} CMAKE_PREFIX_PATH=/home/rs/ws/prac_moveit_ws/install/dynamixel_workbench_toolbox:/opt/ros/humble LD_LIBRARY_PATH=/home/rs/ws/prac_moveit_ws/install/dynamixel_workbench_toolbox/lib:${LD_LIBRARY_PATH} /usr/bin/cmake /home/rs/ws/prac_moveit_ws/src/dynamixel_hardware/dynamixel_hardware -DCMAKE_INSTALL_PREFIX=/home/rs/ws/prac_moveit_ws/install/dynamixel_hardware
[0.689s] Invoking command in '/home/rs/ws/prac_moveit_ws/build/dynamixel_hardware': AMENT_PREFIX_PATH=/home/rs/ws/prac_moveit_ws/install/dynamixel_workbench_toolbox:${AMENT_PREFIX_PATH} CMAKE_PREFIX_PATH=/home/rs/ws/prac_moveit_ws/install/dynamixel_workbench_toolbox:/opt/ros/humble LD_LIBRARY_PATH=/home/rs/ws/prac_moveit_ws/install/dynamixel_workbench_toolbox/lib:${LD_LIBRARY_PATH} /usr/bin/cmake --build /home/rs/ws/prac_moveit_ws/build/dynamixel_hardware -- -j20 -l20
[0.719s] [ 50%] [32mBuilding CXX object CMakeFiles/dynamixel_hardware.dir/src/dynamixel_hardware.cpp.o[0m
[2.483s] [100%] [32m[1mLinking CXX shared library libdynamixel_hardware.so[0m
[2.561s] [100%] Built target dynamixel_hardware
[2.567s] Invoked command in '/home/rs/ws/prac_moveit_ws/build/dynamixel_hardware' returned '0': AMENT_PREFIX_PATH=/home/rs/ws/prac_moveit_ws/install/dynamixel_workbench_toolbox:${AMENT_PREFIX_PATH} CMAKE_PREFIX_PATH=/home/rs/ws/prac_moveit_ws/install/dynamixel_workbench_toolbox:/opt/ros/humble LD_LIBRARY_PATH=/home/rs/ws/prac_moveit_ws/install/dynamixel_workbench_toolbox/lib:${LD_LIBRARY_PATH} /usr/bin/cmake --build /home/rs/ws/prac_moveit_ws/build/dynamixel_hardware -- -j20 -l20
[2.568s] Invoking command in '/home/rs/ws/prac_moveit_ws/build/dynamixel_hardware': AMENT_PREFIX_PATH=/home/rs/ws/prac_moveit_ws/install/dynamixel_workbench_toolbox:${AMENT_PREFIX_PATH} CMAKE_PREFIX_PATH=/home/rs/ws/prac_moveit_ws/install/dynamixel_workbench_toolbox:/opt/ros/humble LD_LIBRARY_PATH=/home/rs/ws/prac_moveit_ws/install/dynamixel_workbench_toolbox/lib:${LD_LIBRARY_PATH} /usr/bin/cmake --install /home/rs/ws/prac_moveit_ws/build/dynamixel_hardware
[2.571s] -- Install configuration: ""
[2.571s] -- Installing: /home/rs/ws/prac_moveit_ws/install/dynamixel_hardware/share/dynamixel_hardware/dynamixel_hardware.xml
[2.572s] -- Installing: /home/rs/ws/prac_moveit_ws/install/dynamixel_hardware/lib/libdynamixel_hardware.so
[2.575s] -- Set runtime path of "/home/rs/ws/prac_moveit_ws/install/dynamixel_hardware/lib/libdynamixel_hardware.so" to ""
[2.575s] -- Installing: /home/rs/ws/prac_moveit_ws/install/dynamixel_hardware/include
[2.575s] -- Installing: /home/rs/ws/prac_moveit_ws/install/dynamixel_hardware/include/dynamixel_hardware
[2.575s] -- Installing: /home/rs/ws/prac_moveit_ws/install/dynamixel_hardware/include/dynamixel_hardware/visiblity_control.h
[2.576s] -- Installing: /home/rs/ws/prac_moveit_ws/install/dynamixel_hardware/include/dynamixel_hardware/dynamixel_hardware.hpp
[2.576s] -- Installing: /home/rs/ws/prac_moveit_ws/install/dynamixel_hardware/share/dynamixel_hardware/environment/library_path.sh
[2.576s] -- Installing: /home/rs/ws/prac_moveit_ws/install/dynamixel_hardware/share/dynamixel_hardware/environment/library_path.dsv
[2.576s] -- Installing: /home/rs/ws/prac_moveit_ws/install/dynamixel_hardware/share/ament_index/resource_index/package_run_dependencies/dynamixel_hardware
[2.576s] -- Installing: /home/rs/ws/prac_moveit_ws/install/dynamixel_hardware/share/ament_index/resource_index/parent_prefix_path/dynamixel_hardware
[2.576s] -- Installing: /home/rs/ws/prac_moveit_ws/install/dynamixel_hardware/share/dynamixel_hardware/environment/ament_prefix_path.sh
[2.576s] -- Installing: /home/rs/ws/prac_moveit_ws/install/dynamixel_hardware/share/dynamixel_hardware/environment/ament_prefix_path.dsv
[2.576s] -- Installing: /home/rs/ws/prac_moveit_ws/install/dynamixel_hardware/share/dynamixel_hardware/environment/path.sh
[2.576s] -- Installing: /home/rs/ws/prac_moveit_ws/install/dynamixel_hardware/share/dynamixel_hardware/environment/path.dsv
[2.576s] -- Installing: /home/rs/ws/prac_moveit_ws/install/dynamixel_hardware/share/dynamixel_hardware/local_setup.bash
[2.576s] -- Installing: /home/rs/ws/prac_moveit_ws/install/dynamixel_hardware/share/dynamixel_hardware/local_setup.sh
[2.576s] -- Installing: /home/rs/ws/prac_moveit_ws/install/dynamixel_hardware/share/dynamixel_hardware/local_setup.zsh
[2.576s] -- Installing: /home/rs/ws/prac_moveit_ws/install/dynamixel_hardware/share/dynamixel_hardware/local_setup.dsv
[2.576s] -- Installing: /home/rs/ws/prac_moveit_ws/install/dynamixel_hardware/share/dynamixel_hardware/package.dsv
[2.576s] -- Installing: /home/rs/ws/prac_moveit_ws/install/dynamixel_hardware/share/ament_index/resource_index/packages/dynamixel_hardware
[2.576s] -- Installing: /home/rs/ws/prac_moveit_ws/install/dynamixel_hardware/share/ament_index/resource_index/hardware_interface__pluginlib__plugin/dynamixel_hardware
[2.576s] -- Installing: /home/rs/ws/prac_moveit_ws/install/dynamixel_hardware/share/dynamixel_hardware/cmake/ament_cmake_export_include_directories-extras.cmake
[2.576s] -- Installing: /home/rs/ws/prac_moveit_ws/install/dynamixel_hardware/share/dynamixel_hardware/cmake/ament_cmake_export_libraries-extras.cmake
[2.576s] -- Installing: /home/rs/ws/prac_moveit_ws/install/dynamixel_hardware/share/dynamixel_hardware/cmake/ament_cmake_export_dependencies-extras.cmake
[2.576s] -- Installing: /home/rs/ws/prac_moveit_ws/install/dynamixel_hardware/share/dynamixel_hardware/cmake/dynamixel_hardwareConfig.cmake
[2.576s] -- Installing: /home/rs/ws/prac_moveit_ws/install/dynamixel_hardware/share/dynamixel_hardware/cmake/dynamixel_hardwareConfig-version.cmake
[2.576s] -- Installing: /home/rs/ws/prac_moveit_ws/install/dynamixel_hardware/share/dynamixel_hardware/package.xml
[2.578s] Invoked command in '/home/rs/ws/prac_moveit_ws/build/dynamixel_hardware' returned '0': AMENT_PREFIX_PATH=/home/rs/ws/prac_moveit_ws/install/dynamixel_workbench_toolbox:${AMENT_PREFIX_PATH} CMAKE_PREFIX_PATH=/home/rs/ws/prac_moveit_ws/install/dynamixel_workbench_toolbox:/opt/ros/humble LD_LIBRARY_PATH=/home/rs/ws/prac_moveit_ws/install/dynamixel_workbench_toolbox/lib:${LD_LIBRARY_PATH} /usr/bin/cmake --install /home/rs/ws/prac_moveit_ws/build/dynamixel_hardware
