[0.011s] Invoking command in '/home/rs/ws/prac_moveit_ws/build/pantilt_bot_description': AMENT_PREFIX_PATH=/home/rs/ws/prac_moveit_ws/install/dynamixel_hardware:/home/rs/ws/prac_moveit_ws/install/dynamixel_workbench_toolbox:${AMENT_PREFIX_PATH} CMAKE_PREFIX_PATH=/home/rs/ws/prac_moveit_ws/install/dynamixel_hardware:/home/rs/ws/prac_moveit_ws/install/dynamixel_workbench_toolbox:/opt/ros/humble LD_LIBRARY_PATH=/home/rs/ws/prac_moveit_ws/install/dynamixel_hardware/lib:/home/rs/ws/prac_moveit_ws/install/dynamixel_workbench_toolbox/lib:${LD_LIBRARY_PATH} /usr/bin/cmake /home/rs/ws/prac_moveit_ws/src/dynamixel_hardware/pantilt_bot_description -DCMAKE_INSTALL_PREFIX=/home/rs/ws/prac_moveit_ws/install/pantilt_bot_description
[0.042s] -- The C compiler identification is GNU 11.4.0
[0.066s] -- The CXX compiler identification is GNU 11.4.0
[0.069s] -- Detecting C compiler ABI info
[0.108s] -- Detecting C compiler ABI info - done
[0.108s] -- Check for working C compiler: /usr/bin/cc - skipped
[0.108s] -- Detecting C compile features
[0.110s] -- Detecting C compile features - done
[0.110s] -- Detecting CXX compiler ABI info
[0.154s] -- Detecting CXX compiler ABI info - done
[0.154s] -- Check for working CXX compiler: /usr/bin/c++ - skipped
[0.155s] -- Detecting CXX compile features
[0.155s] -- Detecting CXX compile features - done
[0.157s] -- Found ament_cmake: 1.3.12 (/opt/ros/humble/share/ament_cmake/cmake)
[0.229s] -- Found Python3: /usr/bin/python3 (found version "3.10.12") found components: Interpreter 
[0.282s] -- Found robot_state_publisher: 3.0.3 (/opt/ros/humble/share/robot_state_publisher/cmake)
[0.302s] -- Found rosidl_generator_c: 3.1.8 (/opt/ros/humble/share/rosidl_generator_c/cmake)
[0.305s] -- Found rosidl_adapter: 3.1.8 (/opt/ros/humble/share/rosidl_adapter/cmake)
[0.309s] -- Found rosidl_generator_cpp: 3.1.8 (/opt/ros/humble/share/rosidl_generator_cpp/cmake)
[0.315s] -- Using all available rosidl_typesupport_c: rosidl_typesupport_fastrtps_c;rosidl_typesupport_introspection_c
[0.322s] -- Using all available rosidl_typesupport_cpp: rosidl_typesupport_fastrtps_cpp;rosidl_typesupport_introspection_cpp
[0.349s] -- Found eigen3_cmake_module: 0.1.1 (/opt/ros/humble/share/eigen3_cmake_module/cmake)
[0.350s] -- Found Eigen3: TRUE (found version "3.4.0") 
[0.350s] -- Ensuring Eigen3 include directory is part of orocos-kdl CMake target
[0.371s] -- Found rmw_implementation_cmake: 6.1.2 (/opt/ros/humble/share/rmw_implementation_cmake/cmake)
[0.372s] -- Found rmw_fastrtps_cpp: 6.2.9 (/opt/ros/humble/share/rmw_fastrtps_cpp/cmake)
[0.428s] -- Found OpenSSL: /usr/lib/x86_64-linux-gnu/libcrypto.so (found version "3.0.2")  
[0.441s] -- Found FastRTPS: /opt/ros/humble/include  
[0.461s] -- Using RMW implementation 'rmw_fastrtps_cpp' as default
[0.466s] -- Looking for pthread.h
[0.507s] -- Looking for pthread.h - found
[0.507s] -- Performing Test CMAKE_HAVE_LIBC_PTHREAD
[0.542s] -- Performing Test CMAKE_HAVE_LIBC_PTHREAD - Success
[0.543s] -- Found Threads: TRUE  
[0.634s] -- Found xacro: 2.1.1 (/opt/ros/humble/share/xacro/cmake)
[0.634s] -- Found rviz2: 11.2.25 (/opt/ros/humble/share/rviz2/cmake)
[0.636s] -- Found ros2_control: 2.53.0 (/opt/ros/humble/share/ros2_control/cmake)
[0.637s] -- Found ros2_controllers: 2.52.0 (/opt/ros/humble/share/ros2_controllers/cmake)
[0.638s] -- Found dynamixel_hardware: 0.0.0 (/home/rs/ws/prac_moveit_ws/install/dynamixel_hardware/share/dynamixel_hardware/cmake)
[0.675s] -- Found realsense2_description: 4.56.4 (/opt/ros/humble/share/realsense2_description/cmake)
[0.705s] -- Configuring done
[0.707s] -- Generating done
[0.708s] -- Build files have been written to: /home/rs/ws/prac_moveit_ws/build/pantilt_bot_description
[0.714s] Invoked command in '/home/rs/ws/prac_moveit_ws/build/pantilt_bot_description' returned '0': AMENT_PREFIX_PATH=/home/rs/ws/prac_moveit_ws/install/dynamixel_hardware:/home/rs/ws/prac_moveit_ws/install/dynamixel_workbench_toolbox:${AMENT_PREFIX_PATH} CMAKE_PREFIX_PATH=/home/rs/ws/prac_moveit_ws/install/dynamixel_hardware:/home/rs/ws/prac_moveit_ws/install/dynamixel_workbench_toolbox:/opt/ros/humble LD_LIBRARY_PATH=/home/rs/ws/prac_moveit_ws/install/dynamixel_hardware/lib:/home/rs/ws/prac_moveit_ws/install/dynamixel_workbench_toolbox/lib:${LD_LIBRARY_PATH} /usr/bin/cmake /home/rs/ws/prac_moveit_ws/src/dynamixel_hardware/pantilt_bot_description -DCMAKE_INSTALL_PREFIX=/home/rs/ws/prac_moveit_ws/install/pantilt_bot_description
[0.714s] Invoking command in '/home/rs/ws/prac_moveit_ws/build/pantilt_bot_description': AMENT_PREFIX_PATH=/home/rs/ws/prac_moveit_ws/install/dynamixel_hardware:/home/rs/ws/prac_moveit_ws/install/dynamixel_workbench_toolbox:${AMENT_PREFIX_PATH} CMAKE_PREFIX_PATH=/home/rs/ws/prac_moveit_ws/install/dynamixel_hardware:/home/rs/ws/prac_moveit_ws/install/dynamixel_workbench_toolbox:/opt/ros/humble LD_LIBRARY_PATH=/home/rs/ws/prac_moveit_ws/install/dynamixel_hardware/lib:/home/rs/ws/prac_moveit_ws/install/dynamixel_workbench_toolbox/lib:${LD_LIBRARY_PATH} /usr/bin/cmake --build /home/rs/ws/prac_moveit_ws/build/pantilt_bot_description -- -j20 -l20
[0.744s] Invoked command in '/home/rs/ws/prac_moveit_ws/build/pantilt_bot_description' returned '0': AMENT_PREFIX_PATH=/home/rs/ws/prac_moveit_ws/install/dynamixel_hardware:/home/rs/ws/prac_moveit_ws/install/dynamixel_workbench_toolbox:${AMENT_PREFIX_PATH} CMAKE_PREFIX_PATH=/home/rs/ws/prac_moveit_ws/install/dynamixel_hardware:/home/rs/ws/prac_moveit_ws/install/dynamixel_workbench_toolbox:/opt/ros/humble LD_LIBRARY_PATH=/home/rs/ws/prac_moveit_ws/install/dynamixel_hardware/lib:/home/rs/ws/prac_moveit_ws/install/dynamixel_workbench_toolbox/lib:${LD_LIBRARY_PATH} /usr/bin/cmake --build /home/rs/ws/prac_moveit_ws/build/pantilt_bot_description -- -j20 -l20
[0.744s] Invoking command in '/home/rs/ws/prac_moveit_ws/build/pantilt_bot_description': AMENT_PREFIX_PATH=/home/rs/ws/prac_moveit_ws/install/dynamixel_hardware:/home/rs/ws/prac_moveit_ws/install/dynamixel_workbench_toolbox:${AMENT_PREFIX_PATH} CMAKE_PREFIX_PATH=/home/rs/ws/prac_moveit_ws/install/dynamixel_hardware:/home/rs/ws/prac_moveit_ws/install/dynamixel_workbench_toolbox:/opt/ros/humble LD_LIBRARY_PATH=/home/rs/ws/prac_moveit_ws/install/dynamixel_hardware/lib:/home/rs/ws/prac_moveit_ws/install/dynamixel_workbench_toolbox/lib:${LD_LIBRARY_PATH} /usr/bin/cmake --install /home/rs/ws/prac_moveit_ws/build/pantilt_bot_description
[0.749s] -- Install configuration: ""
[0.749s] -- Installing: /home/rs/ws/prac_moveit_ws/install/pantilt_bot_description/share/pantilt_bot_description/meshes
[0.749s] -- Installing: /home/rs/ws/prac_moveit_ws/install/pantilt_bot_description/share/pantilt_bot_description/meshes/joint2.stl
[0.749s] -- Installing: /home/rs/ws/prac_moveit_ws/install/pantilt_bot_description/share/pantilt_bot_description/meshes/joint1_horn.stl
[0.749s] -- Installing: /home/rs/ws/prac_moveit_ws/install/pantilt_bot_description/share/pantilt_bot_description/meshes/joint1.stl
[0.749s] -- Installing: /home/rs/ws/prac_moveit_ws/install/pantilt_bot_description/share/pantilt_bot_description/meshes/joint2_horn.stl
[0.749s] -- Installing: /home/rs/ws/prac_moveit_ws/install/pantilt_bot_description/share/pantilt_bot_description/urdf
[0.749s] -- Installing: /home/rs/ws/prac_moveit_ws/install/pantilt_bot_description/share/pantilt_bot_description/urdf/pantilt_bot.xacro
[0.749s] -- Installing: /home/rs/ws/prac_moveit_ws/install/pantilt_bot_description/share/pantilt_bot_description/urdf/pantilt_bot.ros2_control_gazebo.xacro
[0.749s] -- Installing: /home/rs/ws/prac_moveit_ws/install/pantilt_bot_description/share/pantilt_bot_description/urdf/pantilt_bot_gazebo.urdf.xacro
[0.749s] -- Installing: /home/rs/ws/prac_moveit_ws/install/pantilt_bot_description/share/pantilt_bot_description/urdf/pantilt_bot.ros2_control.xacro
[0.749s] -- Installing: /home/rs/ws/prac_moveit_ws/install/pantilt_bot_description/share/pantilt_bot_description/urdf/pantilt_bot.material.xacro
[0.750s] -- Installing: /home/rs/ws/prac_moveit_ws/install/pantilt_bot_description/share/pantilt_bot_description/urdf/pantilt_bot.urdf.xacro
[0.751s] -- Installing: /home/rs/ws/prac_moveit_ws/install/pantilt_bot_description/share/pantilt_bot_description/controllers
[0.751s] -- Installing: /home/rs/ws/prac_moveit_ws/install/pantilt_bot_description/share/pantilt_bot_description/controllers/controllers.yaml
[0.751s] -- Installing: /home/rs/ws/prac_moveit_ws/install/pantilt_bot_description/share/pantilt_bot_description/launch
[0.751s] -- Installing: /home/rs/ws/prac_moveit_ws/install/pantilt_bot_description/share/pantilt_bot_description/launch/display.launch.py
[0.751s] -- Installing: /home/rs/ws/prac_moveit_ws/install/pantilt_bot_description/share/pantilt_bot_description/launch/pantilt_bot.rviz
[0.751s] -- Installing: /home/rs/ws/prac_moveit_ws/install/pantilt_bot_description/share/pantilt_bot_description/launch/pantilt_bot_gazebo.launch.py
[0.751s] -- Installing: /home/rs/ws/prac_moveit_ws/install/pantilt_bot_description/share/pantilt_bot_description/launch/pantilt_bot.launch.py
[0.751s] -- Installing: /home/rs/ws/prac_moveit_ws/install/pantilt_bot_description/share/ament_index/resource_index/package_run_dependencies/pantilt_bot_description
[0.751s] -- Installing: /home/rs/ws/prac_moveit_ws/install/pantilt_bot_description/share/ament_index/resource_index/parent_prefix_path/pantilt_bot_description
[0.751s] -- Installing: /home/rs/ws/prac_moveit_ws/install/pantilt_bot_description/share/pantilt_bot_description/environment/ament_prefix_path.sh
[0.751s] -- Installing: /home/rs/ws/prac_moveit_ws/install/pantilt_bot_description/share/pantilt_bot_description/environment/ament_prefix_path.dsv
[0.751s] -- Installing: /home/rs/ws/prac_moveit_ws/install/pantilt_bot_description/share/pantilt_bot_description/environment/path.sh
[0.751s] -- Installing: /home/rs/ws/prac_moveit_ws/install/pantilt_bot_description/share/pantilt_bot_description/environment/path.dsv
[0.751s] -- Installing: /home/rs/ws/prac_moveit_ws/install/pantilt_bot_description/share/pantilt_bot_description/local_setup.bash
[0.751s] -- Installing: /home/rs/ws/prac_moveit_ws/install/pantilt_bot_description/share/pantilt_bot_description/local_setup.sh
[0.751s] -- Installing: /home/rs/ws/prac_moveit_ws/install/pantilt_bot_description/share/pantilt_bot_description/local_setup.zsh
[0.751s] -- Installing: /home/rs/ws/prac_moveit_ws/install/pantilt_bot_description/share/pantilt_bot_description/local_setup.dsv
[0.751s] -- Installing: /home/rs/ws/prac_moveit_ws/install/pantilt_bot_description/share/pantilt_bot_description/package.dsv
[0.751s] -- Installing: /home/rs/ws/prac_moveit_ws/install/pantilt_bot_description/share/ament_index/resource_index/packages/pantilt_bot_description
[0.751s] -- Installing: /home/rs/ws/prac_moveit_ws/install/pantilt_bot_description/share/pantilt_bot_description/cmake/pantilt_bot_descriptionConfig.cmake
[0.751s] -- Installing: /home/rs/ws/prac_moveit_ws/install/pantilt_bot_description/share/pantilt_bot_description/cmake/pantilt_bot_descriptionConfig-version.cmake
[0.751s] -- Installing: /home/rs/ws/prac_moveit_ws/install/pantilt_bot_description/share/pantilt_bot_description/package.xml
[0.760s] Invoked command in '/home/rs/ws/prac_moveit_ws/build/pantilt_bot_description' returned '0': AMENT_PREFIX_PATH=/home/rs/ws/prac_moveit_ws/install/dynamixel_hardware:/home/rs/ws/prac_moveit_ws/install/dynamixel_workbench_toolbox:${AMENT_PREFIX_PATH} CMAKE_PREFIX_PATH=/home/rs/ws/prac_moveit_ws/install/dynamixel_hardware:/home/rs/ws/prac_moveit_ws/install/dynamixel_workbench_toolbox:/opt/ros/humble LD_LIBRARY_PATH=/home/rs/ws/prac_moveit_ws/install/dynamixel_hardware/lib:/home/rs/ws/prac_moveit_ws/install/dynamixel_workbench_toolbox/lib:${LD_LIBRARY_PATH} /usr/bin/cmake --install /home/rs/ws/prac_moveit_ws/build/pantilt_bot_description
