-- Install configuration: ""
-- Up-to-date: /home/rs/ws/prac_moveit_ws/install/moveit_practice/share/moveit_practice/launch
-- Up-to-date: /home/rs/ws/prac_moveit_ws/install/moveit_practice/share/moveit_practice/launch/display.launch.py
-- Up-to-date: /home/rs/ws/prac_moveit_ws/install/moveit_practice/share/moveit_practice/launch/small_arm.rviz
-- Up-to-date: /home/rs/ws/prac_moveit_ws/install/moveit_practice/share/moveit_practice/launch/pantilt_bot_gazebo.launch.py
-- Up-to-date: /home/rs/ws/prac_moveit_ws/install/moveit_practice/share/moveit_practice/launch/small_arm.launch.py
-- Up-to-date: /home/rs/ws/prac_moveit_ws/install/moveit_practice/share/moveit_practice/urdf
-- Up-to-date: /home/rs/ws/prac_moveit_ws/install/moveit_practice/share/moveit_practice/urdf/small_arm.urdf.xacro
-- Up-to-date: /home/rs/ws/prac_moveit_ws/install/moveit_practice/share/moveit_practice/urdf/small_arm.ros2_control.xacro
-- Up-to-date: /home/rs/ws/prac_moveit_ws/install/moveit_practice/share/moveit_practice/urdf/materials.xacro
-- Up-to-date: /home/rs/ws/prac_moveit_ws/install/moveit_practice/share/moveit_practice/urdf/small_arm.xacro
-- Up-to-date: /home/rs/ws/prac_moveit_ws/install/moveit_practice/share/moveit_practice/urdf/small_arm.urdf
-- Up-to-date: /home/rs/ws/prac_moveit_ws/install/moveit_practice/share/moveit_practice/meshes
-- Up-to-date: /home/rs/ws/prac_moveit_ws/install/moveit_practice/share/moveit_practice/meshes/link_1_1.stl
-- Up-to-date: /home/rs/ws/prac_moveit_ws/install/moveit_practice/share/moveit_practice/meshes/Camera_1.stl
-- Up-to-date: /home/rs/ws/prac_moveit_ws/install/moveit_practice/share/moveit_practice/meshes/Claw_base_1.stl
-- Up-to-date: /home/rs/ws/prac_moveit_ws/install/moveit_practice/share/moveit_practice/meshes/link_2_1.stl
-- Up-to-date: /home/rs/ws/prac_moveit_ws/install/moveit_practice/share/moveit_practice/meshes/link_3_1.stl
-- Up-to-date: /home/rs/ws/prac_moveit_ws/install/moveit_practice/share/moveit_practice/meshes/link_5_1.stl
-- Up-to-date: /home/rs/ws/prac_moveit_ws/install/moveit_practice/share/moveit_practice/meshes/Claw_2_1.stl
-- Up-to-date: /home/rs/ws/prac_moveit_ws/install/moveit_practice/share/moveit_practice/meshes/base_link.stl
-- Up-to-date: /home/rs/ws/prac_moveit_ws/install/moveit_practice/share/moveit_practice/meshes/link_4_1.stl
-- Up-to-date: /home/rs/ws/prac_moveit_ws/install/moveit_practice/share/moveit_practice/meshes/Claw_1_1.stl
-- Up-to-date: /home/rs/ws/prac_moveit_ws/install/moveit_practice/share/moveit_practice/controllers
-- Up-to-date: /home/rs/ws/prac_moveit_ws/install/moveit_practice/share/moveit_practice/controllers/controllers.yaml
-- Up-to-date: /home/rs/ws/prac_moveit_ws/install/moveit_practice/share/ament_index/resource_index/package_run_dependencies/moveit_practice
-- Up-to-date: /home/rs/ws/prac_moveit_ws/install/moveit_practice/share/ament_index/resource_index/parent_prefix_path/moveit_practice
-- Up-to-date: /home/rs/ws/prac_moveit_ws/install/moveit_practice/share/moveit_practice/environment/ament_prefix_path.sh
-- Up-to-date: /home/rs/ws/prac_moveit_ws/install/moveit_practice/share/moveit_practice/environment/ament_prefix_path.dsv
-- Up-to-date: /home/rs/ws/prac_moveit_ws/install/moveit_practice/share/moveit_practice/environment/path.sh
-- Up-to-date: /home/rs/ws/prac_moveit_ws/install/moveit_practice/share/moveit_practice/environment/path.dsv
-- Up-to-date: /home/rs/ws/prac_moveit_ws/install/moveit_practice/share/moveit_practice/local_setup.bash
-- Up-to-date: /home/rs/ws/prac_moveit_ws/install/moveit_practice/share/moveit_practice/local_setup.sh
-- Up-to-date: /home/rs/ws/prac_moveit_ws/install/moveit_practice/share/moveit_practice/local_setup.zsh
-- Up-to-date: /home/rs/ws/prac_moveit_ws/install/moveit_practice/share/moveit_practice/local_setup.dsv
-- Up-to-date: /home/rs/ws/prac_moveit_ws/install/moveit_practice/share/moveit_practice/package.dsv
-- Up-to-date: /home/rs/ws/prac_moveit_ws/install/moveit_practice/share/ament_index/resource_index/packages/moveit_practice
-- Up-to-date: /home/rs/ws/prac_moveit_ws/install/moveit_practice/share/moveit_practice/cmake/moveit_practiceConfig.cmake
-- Up-to-date: /home/rs/ws/prac_moveit_ws/install/moveit_practice/share/moveit_practice/cmake/moveit_practiceConfig-version.cmake
-- Up-to-date: /home/rs/ws/prac_moveit_ws/install/moveit_practice/share/moveit_practice/package.xml
