[0.014s] Invoking command in '/home/rs/ws/prac_moveit_ws/build/moveit_practice': CMAKE_PREFIX_PATH=${CMAKE_PREFIX_PATH}:/opt/ros/humble /usr/bin/cmake --build /home/rs/ws/prac_moveit_ws/build/moveit_practice -- -j20 -l20
[0.030s] Invoked command in '/home/rs/ws/prac_moveit_ws/build/moveit_practice' returned '0': CMAKE_PREFIX_PATH=${CMAKE_PREFIX_PATH}:/opt/ros/humble /usr/bin/cmake --build /home/rs/ws/prac_moveit_ws/build/moveit_practice -- -j20 -l20
[0.037s] Invoking command in '/home/rs/ws/prac_moveit_ws/build/moveit_practice': CMAKE_PREFIX_PATH=${CMAKE_PREFIX_PATH}:/opt/ros/humble /usr/bin/cmake --install /home/rs/ws/prac_moveit_ws/build/moveit_practice
[0.040s] -- Install configuration: ""
[0.040s] -- Up-to-date: /home/rs/ws/prac_moveit_ws/install/moveit_practice/share/moveit_practice/launch
[0.040s] -- Up-to-date: /home/rs/ws/prac_moveit_ws/install/moveit_practice/share/moveit_practice/launch/display.launch.py
[0.040s] -- Up-to-date: /home/rs/ws/prac_moveit_ws/install/moveit_practice/share/moveit_practice/launch/small_arm.rviz
[0.040s] -- Up-to-date: /home/rs/ws/prac_moveit_ws/install/moveit_practice/share/moveit_practice/launch/pantilt_bot_gazebo.launch.py
[0.040s] -- Up-to-date: /home/rs/ws/prac_moveit_ws/install/moveit_practice/share/moveit_practice/launch/small_arm.launch.py
[0.040s] -- Up-to-date: /home/rs/ws/prac_moveit_ws/install/moveit_practice/share/moveit_practice/urdf
[0.040s] -- Installing: /home/rs/ws/prac_moveit_ws/install/moveit_practice/share/moveit_practice/urdf/small_arm.urdf.xacro
[0.040s] -- Up-to-date: /home/rs/ws/prac_moveit_ws/install/moveit_practice/share/moveit_practice/urdf/small_arm.ros2_control.xacro
[0.040s] -- Up-to-date: /home/rs/ws/prac_moveit_ws/install/moveit_practice/share/moveit_practice/urdf/materials.xacro
[0.040s] -- Up-to-date: /home/rs/ws/prac_moveit_ws/install/moveit_practice/share/moveit_practice/urdf/small_arm.xacro
[0.040s] -- Up-to-date: /home/rs/ws/prac_moveit_ws/install/moveit_practice/share/moveit_practice/urdf/small_arm.urdf
[0.040s] -- Up-to-date: /home/rs/ws/prac_moveit_ws/install/moveit_practice/share/moveit_practice/meshes
[0.040s] -- Up-to-date: /home/rs/ws/prac_moveit_ws/install/moveit_practice/share/moveit_practice/meshes/link_1_1.stl
[0.040s] -- Up-to-date: /home/rs/ws/prac_moveit_ws/install/moveit_practice/share/moveit_practice/meshes/Camera_1.stl
[0.040s] -- Up-to-date: /home/rs/ws/prac_moveit_ws/install/moveit_practice/share/moveit_practice/meshes/Claw_base_1.stl
[0.041s] -- Up-to-date: /home/rs/ws/prac_moveit_ws/install/moveit_practice/share/moveit_practice/meshes/link_2_1.stl
[0.041s] -- Up-to-date: /home/rs/ws/prac_moveit_ws/install/moveit_practice/share/moveit_practice/meshes/link_3_1.stl
[0.041s] -- Up-to-date: /home/rs/ws/prac_moveit_ws/install/moveit_practice/share/moveit_practice/meshes/link_5_1.stl
[0.041s] -- Up-to-date: /home/rs/ws/prac_moveit_ws/install/moveit_practice/share/moveit_practice/meshes/Claw_2_1.stl
[0.041s] -- Up-to-date: /home/rs/ws/prac_moveit_ws/install/moveit_practice/share/moveit_practice/meshes/base_link.stl
[0.041s] -- Up-to-date: /home/rs/ws/prac_moveit_ws/install/moveit_practice/share/moveit_practice/meshes/link_4_1.stl
[0.041s] -- Up-to-date: /home/rs/ws/prac_moveit_ws/install/moveit_practice/share/moveit_practice/meshes/Claw_1_1.stl
[0.041s] -- Up-to-date: /home/rs/ws/prac_moveit_ws/install/moveit_practice/share/ament_index/resource_index/package_run_dependencies/moveit_practice
[0.041s] -- Up-to-date: /home/rs/ws/prac_moveit_ws/install/moveit_practice/share/ament_index/resource_index/parent_prefix_path/moveit_practice
[0.041s] -- Up-to-date: /home/rs/ws/prac_moveit_ws/install/moveit_practice/share/moveit_practice/environment/ament_prefix_path.sh
[0.041s] -- Up-to-date: /home/rs/ws/prac_moveit_ws/install/moveit_practice/share/moveit_practice/environment/ament_prefix_path.dsv
[0.041s] -- Up-to-date: /home/rs/ws/prac_moveit_ws/install/moveit_practice/share/moveit_practice/environment/path.sh
[0.042s] -- Up-to-date: /home/rs/ws/prac_moveit_ws/install/moveit_practice/share/moveit_practice/environment/path.dsv
[0.042s] -- Up-to-date: /home/rs/ws/prac_moveit_ws/install/moveit_practice/share/moveit_practice/local_setup.bash
[0.042s] -- Up-to-date: /home/rs/ws/prac_moveit_ws/install/moveit_practice/share/moveit_practice/local_setup.sh
[0.042s] -- Up-to-date: /home/rs/ws/prac_moveit_ws/install/moveit_practice/share/moveit_practice/local_setup.zsh
[0.042s] -- Up-to-date: /home/rs/ws/prac_moveit_ws/install/moveit_practice/share/moveit_practice/local_setup.dsv
[0.042s] -- Up-to-date: /home/rs/ws/prac_moveit_ws/install/moveit_practice/share/moveit_practice/package.dsv
[0.042s] -- Up-to-date: /home/rs/ws/prac_moveit_ws/install/moveit_practice/share/ament_index/resource_index/packages/moveit_practice
[0.042s] -- Up-to-date: /home/rs/ws/prac_moveit_ws/install/moveit_practice/share/moveit_practice/cmake/moveit_practiceConfig.cmake
[0.042s] -- Up-to-date: /home/rs/ws/prac_moveit_ws/install/moveit_practice/share/moveit_practice/cmake/moveit_practiceConfig-version.cmake
[0.042s] -- Up-to-date: /home/rs/ws/prac_moveit_ws/install/moveit_practice/share/moveit_practice/package.xml
[0.044s] Invoked command in '/home/rs/ws/prac_moveit_ws/build/moveit_practice' returned '0': CMAKE_PREFIX_PATH=${CMAKE_PREFIX_PATH}:/opt/ros/humble /usr/bin/cmake --install /home/rs/ws/prac_moveit_ws/build/moveit_practice
