[0.008s] Invoking command in '/home/rs/ws/prac_moveit_ws/build/moveit_practice': CMAKE_PREFIX_PATH=${CMAKE_PREFIX_PATH}:/opt/ros/humble /usr/bin/cmake --build /home/rs/ws/prac_moveit_ws/build/moveit_practice -- -j20 -l20
[0.020s] -- Found ament_cmake: 1.3.12 (/opt/ros/humble/share/ament_cmake/cmake)
[0.081s] -- Found rclcpp: 16.0.17 (/opt/ros/humble/share/rclcpp/cmake)
[0.097s] -- Found rosidl_generator_c: 3.1.8 (/opt/ros/humble/share/rosidl_generator_c/cmake)
[0.097s] -- Found rosidl_adapter: 3.1.8 (/opt/ros/humble/share/rosidl_adapter/cmake)
[0.098s] -- Found rosidl_generator_cpp: 3.1.8 (/opt/ros/humble/share/rosidl_generator_cpp/cmake)
[0.104s] -- Using all available rosidl_typesupport_c: rosidl_typesupport_fastrtps_c;rosidl_typesupport_introspection_c
[0.109s] -- Using all available rosidl_typesupport_cpp: rosidl_typesupport_fastrtps_cpp;rosidl_typesupport_introspection_cpp
[0.124s] -- Found rmw_implementation_cmake: 6.1.2 (/opt/ros/humble/share/rmw_implementation_cmake/cmake)
[0.124s] -- Found rmw_fastrtps_cpp: 6.2.9 (/opt/ros/humble/share/rmw_fastrtps_cpp/cmake)
[0.183s] -- Using RMW implementation 'rmw_fastrtps_cpp' as default
[0.196s] -- Found ament_lint_auto: 0.12.14 (/opt/ros/humble/share/ament_lint_auto/cmake)
[0.225s] -- Added test 'flake8' to check Python code syntax and style conventions
[0.226s] -- Added test 'lint_cmake' to check CMake code style
[0.226s] -- Added test 'pep257' to check Python code against some of the docstring style conventions in PEP 257
[0.226s] -- Added test 'xmllint' to check XML markup files
[0.227s] -- Configuring done
[0.228s] -- Generating done
[0.230s] -- Build files have been written to: /home/rs/ws/prac_moveit_ws/build/moveit_practice
[0.246s] Invoked command in '/home/rs/ws/prac_moveit_ws/build/moveit_practice' returned '0': CMAKE_PREFIX_PATH=${CMAKE_PREFIX_PATH}:/opt/ros/humble /usr/bin/cmake --build /home/rs/ws/prac_moveit_ws/build/moveit_practice -- -j20 -l20
[0.248s] Invoking command in '/home/rs/ws/prac_moveit_ws/build/moveit_practice': CMAKE_PREFIX_PATH=${CMAKE_PREFIX_PATH}:/opt/ros/humble /usr/bin/cmake --install /home/rs/ws/prac_moveit_ws/build/moveit_practice
[0.250s] -- Install configuration: ""
[0.250s] -- Up-to-date: /home/rs/ws/prac_moveit_ws/install/moveit_practice/share/moveit_practice/launch
[0.250s] -- Up-to-date: /home/rs/ws/prac_moveit_ws/install/moveit_practice/share/moveit_practice/launch/display.launch.py
[0.250s] -- Up-to-date: /home/rs/ws/prac_moveit_ws/install/moveit_practice/share/moveit_practice/launch/small_arm.rviz
[0.250s] -- Up-to-date: /home/rs/ws/prac_moveit_ws/install/moveit_practice/share/moveit_practice/launch/pantilt_bot_gazebo.launch.py
[0.250s] -- Up-to-date: /home/rs/ws/prac_moveit_ws/install/moveit_practice/share/moveit_practice/launch/small_arm.launch.py
[0.250s] -- Installing: /home/rs/ws/prac_moveit_ws/install/moveit_practice/share/moveit_practice/urdf
[0.250s] -- Installing: /home/rs/ws/prac_moveit_ws/install/moveit_practice/share/moveit_practice/urdf/small_arm.urdf.xacro
[0.250s] -- Installing: /home/rs/ws/prac_moveit_ws/install/moveit_practice/share/moveit_practice/urdf/small_arm.ros2_control.xacro
[0.250s] -- Installing: /home/rs/ws/prac_moveit_ws/install/moveit_practice/share/moveit_practice/urdf/materials.xacro
[0.251s] -- Installing: /home/rs/ws/prac_moveit_ws/install/moveit_practice/share/moveit_practice/urdf/small_arm.xacro
[0.251s] -- Installing: /home/rs/ws/prac_moveit_ws/install/moveit_practice/share/moveit_practice/urdf/small_arm.urdf
[0.251s] -- Up-to-date: /home/rs/ws/prac_moveit_ws/install/moveit_practice/share/ament_index/resource_index/package_run_dependencies/moveit_practice
[0.251s] -- Up-to-date: /home/rs/ws/prac_moveit_ws/install/moveit_practice/share/ament_index/resource_index/parent_prefix_path/moveit_practice
[0.251s] -- Up-to-date: /home/rs/ws/prac_moveit_ws/install/moveit_practice/share/moveit_practice/environment/ament_prefix_path.sh
[0.251s] -- Installing: /home/rs/ws/prac_moveit_ws/install/moveit_practice/share/moveit_practice/environment/ament_prefix_path.dsv
[0.251s] -- Up-to-date: /home/rs/ws/prac_moveit_ws/install/moveit_practice/share/moveit_practice/environment/path.sh
[0.251s] -- Installing: /home/rs/ws/prac_moveit_ws/install/moveit_practice/share/moveit_practice/environment/path.dsv
[0.251s] -- Up-to-date: /home/rs/ws/prac_moveit_ws/install/moveit_practice/share/moveit_practice/local_setup.bash
[0.251s] -- Up-to-date: /home/rs/ws/prac_moveit_ws/install/moveit_practice/share/moveit_practice/local_setup.sh
[0.251s] -- Up-to-date: /home/rs/ws/prac_moveit_ws/install/moveit_practice/share/moveit_practice/local_setup.zsh
[0.251s] -- Installing: /home/rs/ws/prac_moveit_ws/install/moveit_practice/share/moveit_practice/local_setup.dsv
[0.251s] -- Installing: /home/rs/ws/prac_moveit_ws/install/moveit_practice/share/moveit_practice/package.dsv
[0.251s] -- Up-to-date: /home/rs/ws/prac_moveit_ws/install/moveit_practice/share/ament_index/resource_index/packages/moveit_practice
[0.251s] -- Up-to-date: /home/rs/ws/prac_moveit_ws/install/moveit_practice/share/moveit_practice/cmake/moveit_practiceConfig.cmake
[0.251s] -- Up-to-date: /home/rs/ws/prac_moveit_ws/install/moveit_practice/share/moveit_practice/cmake/moveit_practiceConfig-version.cmake
[0.251s] -- Up-to-date: /home/rs/ws/prac_moveit_ws/install/moveit_practice/share/moveit_practice/package.xml
[0.252s] Invoked command in '/home/rs/ws/prac_moveit_ws/build/moveit_practice' returned '0': CMAKE_PREFIX_PATH=${CMAKE_PREFIX_PATH}:/opt/ros/humble /usr/bin/cmake --install /home/rs/ws/prac_moveit_ws/build/moveit_practice
