[0.009s] Invoking command in '/home/rs/ws/prac_moveit_ws/build/moveit_practice': CMAKE_PREFIX_PATH=/opt/ros/humble /usr/bin/cmake /home/rs/ws/prac_moveit_ws/src/moveit_practice -DCMAKE_INSTALL_PREFIX=/home/rs/ws/prac_moveit_ws/install/moveit_practice
[0.036s] -- The C compiler identification is GNU 11.4.0
[0.062s] -- The CXX compiler identification is GNU 11.4.0
[0.065s] -- Detecting C compiler ABI info
[0.100s] -- Detecting C compiler ABI info - done
[0.102s] -- Check for working C compiler: /usr/bin/cc - skipped
[0.102s] -- Detecting C compile features
[0.102s] -- Detecting C compile features - done
[0.104s] -- Detecting CXX compiler ABI info
[0.142s] -- Detecting CXX compiler ABI info - done
[0.145s] -- Check for working CXX compiler: /usr/bin/c++ - skipped
[0.145s] -- Detecting CXX compile features
[0.145s] -- Detecting CXX compile features - done
[0.147s] -- Found ament_cmake: 1.3.12 (/opt/ros/humble/share/ament_cmake/cmake)
[0.212s] -- Found Python3: /usr/bin/python3 (found version "3.10.12") found components: Interpreter 
[0.257s] -- Found rclcpp: 16.0.17 (/opt/ros/humble/share/rclcpp/cmake)
[0.285s] -- Found rosidl_generator_c: 3.1.8 (/opt/ros/humble/share/rosidl_generator_c/cmake)
[0.288s] -- Found rosidl_adapter: 3.1.8 (/opt/ros/humble/share/rosidl_adapter/cmake)
[0.294s] -- Found rosidl_generator_cpp: 3.1.8 (/opt/ros/humble/share/rosidl_generator_cpp/cmake)
[0.298s] -- Using all available rosidl_typesupport_c: rosidl_typesupport_fastrtps_c;rosidl_typesupport_introspection_c
[0.304s] -- Using all available rosidl_typesupport_cpp: rosidl_typesupport_fastrtps_cpp;rosidl_typesupport_introspection_cpp
[0.325s] -- Found rmw_implementation_cmake: 6.1.2 (/opt/ros/humble/share/rmw_implementation_cmake/cmake)
[0.325s] -- Found rmw_fastrtps_cpp: 6.2.9 (/opt/ros/humble/share/rmw_fastrtps_cpp/cmake)
[0.379s] -- Found OpenSSL: /usr/lib/x86_64-linux-gnu/libcrypto.so (found version "3.0.2")  
[0.391s] -- Found FastRTPS: /opt/ros/humble/include  
[0.413s] -- Using RMW implementation 'rmw_fastrtps_cpp' as default
[0.416s] -- Looking for pthread.h
[0.459s] -- Looking for pthread.h - found
[0.459s] -- Performing Test CMAKE_HAVE_LIBC_PTHREAD
[0.504s] -- Performing Test CMAKE_HAVE_LIBC_PTHREAD - Success
[0.504s] -- Found Threads: TRUE  
[0.528s] -- Found ament_lint_auto: 0.12.14 (/opt/ros/humble/share/ament_lint_auto/cmake)
[0.564s] -- Added test 'flake8' to check Python code syntax and style conventions
[0.564s] -- Added test 'lint_cmake' to check CMake code style
[0.564s] -- Added test 'pep257' to check Python code against some of the docstring style conventions in PEP 257
[0.565s] -- Added test 'xmllint' to check XML markup files
[0.565s] -- Configuring done
[0.567s] -- Generating done
[0.568s] -- Build files have been written to: /home/rs/ws/prac_moveit_ws/build/moveit_practice
